<?xml version="1.0" encoding="UTF-8"?>
<!-- Generated by org.testng.reporters.JUnitXMLReporter -->
<testsuite hostname="LAPTOP-JTN9MFLK" ignored="0" name="Default test" tests="4" failures="0" timestamp="2020-06-29T11:37:02 IST" time="0.148" errors="0">
  <testcase name="methodA" time="0.027" classname="testcases.Exclude"/>
  <testcase name="methodB" time="0.003" classname="testcases.Exclude"/>
  <testcase name="methodC" time="0.011" classname="testcases.Exclude"/>
  <testcase name="methodD" time="0.003" classname="testcases.Exclude"/>
</testsuite> <!-- Default test -->
