<?xml version="1.0" encoding="UTF-8"?>
<!-- Generated by org.testng.reporters.JUnitXMLReporter -->
<testsuite hostname="LAPTOP-JTN9MFLK" ignored="3" name="Test" tests="4" failures="0" timestamp="2020-06-18T10:00:51 IST" time="0.086" errors="0">
  <testcase name="testcase1" time="0.012" classname="testcases.Sample1"/>
  <testcase name="testcase2" time="0.002" classname="testcases.Sample1"/>
  <testcase name="redhat" time="0.009" classname="testcases.Sample2"/>
  <testcase name="methodD" time="0.002" classname="testcases.Exclude"/>
  <testcase name="methodB" time="0.0" classname="testcases.Exclude">
    <ignored/>
  </testcase> <!-- methodB -->
  <testcase name="methodA" time="0.0" classname="testcases.Exclude">
    <ignored/>
  </testcase> <!-- methodA -->
  <testcase name="methodC" time="0.0" classname="testcases.Exclude">
    <ignored/>
  </testcase> <!-- methodC -->
</testsuite> <!-- Test -->
